<?xml version="1.0" encoding="utf-8"?>
<coverage line-rate="0.5906" branch-rate="0.19390000000000002" version="1.9" timestamp="1773601165" lines-covered="857" lines-valid="1451" branches-covered="64" branches-valid="330">
  <sources>
    <source>C:\Users\vladi\RiderProjects\Tenax\src\</source>
  </sources>
  <packages>
    <package name="Tenax.Application" line-rate="0.83" branch-rate="0.7173" complexity="91">
      <classes>
        <class name="Tenax.Application.DependencyInjection" filename="Tenax.Application\DependencyInjection.cs" line-rate="1" branch-rate="1" complexity="1">
          <methods>
            <method name="AddApplication" signature="(Microsoft.Extensions.DependencyInjection.IServiceCollection)" line-rate="1" branch-rate="1" complexity="1">
              <lines>
                <line number="11" hits="3" branch="False" />
                <line number="12" hits="3" branch="False" />
                <line number="13" hits="3" branch="False" />
                <line number="15" hits="3" branch="False" />
                <line number="16" hits="3" branch="False" />
                <line number="17" hits="3" branch="False" />
                <line number="19" hits="3" branch="False" />
                <line number="20" hits="3" branch="False" />
              </lines>
            </method>
          </methods>
          <lines>
            <line number="11" hits="3" branch="False" />
            <line number="12" hits="3" branch="False" />
            <line number="13" hits="3" branch="False" />
            <line number="15" hits="3" branch="False" />
            <line number="16" hits="3" branch="False" />
            <line number="17" hits="3" branch="False" />
            <line number="19" hits="3" branch="False" />
            <line number="20" hits="3" branch="False" />
          </lines>
        </class>
        <class name="Tenax.Application.Flashcards.CreateFlashcardInput" filename="Tenax.Application\Flashcards\FlashcardContracts.cs" line-rate="1" branch-rate="1" complexity="1">
          <methods>
            <method name="get_DeckId" signature="()" line-rate="1" branch-rate="1" complexity="1">
              <lines>
                <line number="3" hits="107" branch="False" />
              </lines>
            </method>
          </methods>
          <lines>
            <line number="3" hits="107" branch="False" />
          </lines>
        </class>
        <class name="Tenax.Application.Flashcards.UpdateFlashcardInput" filename="Tenax.Application\Flashcards\FlashcardContracts.cs" line-rate="1" branch-rate="1" complexity="1">
          <methods>
            <method name="get_DeckId" signature="()" line-rate="1" branch-rate="1" complexity="1">
              <lines>
                <line number="5" hits="35" branch="False" />
              </lines>
            </method>
          </methods>
          <lines>
            <line number="5" hits="35" branch="False" />
          </lines>
        </class>
        <class name="Tenax.Application.Flashcards.ListFlashcardsInput" filename="Tenax.Application\Flashcards\FlashcardContracts.cs" line-rate="1" branch-rate="1" complexity="1">
          <methods>
            <method name="get_DeckId" signature="()" line-rate="1" branch-rate="1" complexity="1">
              <lines>
                <line number="7" hits="38" branch="False" />
              </lines>
            </method>
          </methods>
          <lines>
            <line number="7" hits="38" branch="False" />
          </lines>
        </class>
        <class name="Tenax.Application.Flashcards.GetFlashcardDetailInput" filename="Tenax.Application\Flashcards\FlashcardContracts.cs" line-rate="1" branch-rate="1" complexity="1">
          <methods>
            <method name="get_DeckId" signature="()" line-rate="1" branch-rate="1" complexity="1">
              <lines>
                <line number="9" hits="8" branch="False" />
              </lines>
            </method>
          </methods>
          <lines>
            <line number="9" hits="8" branch="False" />
          </lines>
        </class>
        <class name="Tenax.Application.Flashcards.DeleteFlashcardInput" filename="Tenax.Application\Flashcards\FlashcardContracts.cs" line-rate="1" branch-rate="1" complexity="1">
          <methods>
            <method name="get_DeckId" signature="()" line-rate="1" branch-rate="1" complexity="1">
              <lines>
                <line number="11" hits="12" branch="False" />
              </lines>
            </method>
          </methods>
          <lines>
            <line number="11" hits="12" branch="False" />
          </lines>
        </class>
        <class name="Tenax.Application.Flashcards.FlashcardDto" filename="Tenax.Application\Flashcards\FlashcardContracts.cs" line-rate="1" branch-rate="1" complexity="10">
          <methods>
            <method name="get_Id" signature="()" line-rate="1" branch-rate="1" complexity="1">
              <lines>
                <line number="14" hits="14" branch="False" />
              </lines>
            </method>
            <method name="get_DeckId" signature="()" line-rate="1" branch-rate="1" complexity="1">
              <lines>
                <line number="15" hits="8" branch="False" />
              </lines>
            </method>
            <method name="get_Term" signature="()" line-rate="1" branch-rate="1" complexity="1">
              <lines>
                <line number="16" hits="8" branch="False" />
              </lines>
            </method>
            <method name="get_Definition" signature="()" line-rate="1" branch-rate="1" complexity="1">
              <lines>
                <line number="17" hits="8" branch="False" />
              </lines>
            </method>
            <method name="get_ImageUrl" signature="()" line-rate="1" branch-rate="1" complexity="1">
              <lines>
                <line number="18" hits="8" branch="False" />
              </lines>
            </method>
            <method name="get_CreatedAtUtc" signature="()" line-rate="1" branch-rate="1" complexity="1">
              <lines>
                <line number="19" hits="8" branch="False" />
              </lines>
            </method>
            <method name="get_UpdatedAtUtc" signature="()" line-rate="1" branch-rate="1" complexity="1">
              <lines>
                <line number="20" hits="8" branch="False" />
              </lines>
            </method>
            <method name="get_CreatedByUserId" signature="()" line-rate="1" branch-rate="1" complexity="1">
              <lines>
                <line number="21" hits="8" branch="False" />
              </lines>
            </method>
            <method name="get_UpdatedByUserId" signature="()" line-rate="1" branch-rate="1" complexity="1">
              <lines>
                <line number="22" hits="16" branch="False" />
              </lines>
            </method>
            <method name=".ctor" signature="(System.String,System.String,System.String,System.String,System.String,System.DateTimeOffset,System.DateTimeOffset,System.String,System.String)" line-rate="1" branch-rate="1" complexity="1">
              <lines>
                <line number="13" hits="8" branch="False" />
              </lines>
            </method>
          </methods>
          <lines>
            <line number="14" hits="14" branch="False" />
            <line number="15" hits="8" branch="False" />
            <line number="16" hits="8" branch="False" />
            <line number="17" hits="8" branch="False" />
            <line number="18" hits="8" branch="False" />
            <line number="19" hits="8" branch="False" />
            <line number="20" hits="8" branch="False" />
            <line number="21" hits="8" branch="False" />
            <line number="22" hits="16" branch="False" />
            <line number="13" hits="8" branch="False" />
          </lines>
        </class>
        <class name="Tenax.Application.Flashcards.FlashcardListItemDto" filename="Tenax.Application\Flashcards\FlashcardContracts.cs" line-rate="1" branch-rate="1" complexity="8">
          <methods>
            <method name="get_Id" signature="()" line-rate="1" branch-rate="1" complexity="1">
              <lines>
                <line number="25" hits="2" branch="False" />
              </lines>
            </method>
            <method name="get_DeckId" signature="()" line-rate="1" branch-rate="1" complexity="1">
              <lines>
                <line number="26" hits="2" branch="False" />
              </lines>
            </method>
            <method name="get_Term" signature="()" line-rate="1" branch-rate="1" complexity="1">
              <lines>
                <line number="27" hits="2" branch="False" />
              </lines>
            </method>
            <method name="get_DefinitionPreview" signature="()" line-rate="1" branch-rate="1" complexity="1">
              <lines>
                <line number="28" hits="2" branch="False" />
              </lines>
            </method>
            <method name="get_HasImage" signature="()" line-rate="1" branch-rate="1" complexity="1">
              <lines>
                <line number="29" hits="2" branch="False" />
              </lines>
            </method>
            <method name="get_UpdatedAtUtc" signature="()" line-rate="1" branch-rate="1" complexity="1">
              <lines>
                <line number="30" hits="2" branch="False" />
              </lines>
            </method>
            <method name="get_UpdatedByUserId" signature="()" line-rate="1" branch-rate="1" complexity="1">
              <lines>
                <line number="31" hits="4" branch="False" />
              </lines>
            </method>
            <method name=".ctor" signature="(System.String,System.String,System.String,System.String,System.Boolean,System.DateTimeOffset,System.String)" line-rate="1" branch-rate="1" complexity="1">
              <lines>
                <line number="24" hits="2" branch="False" />
              </lines>
            </method>
          </methods>
          <lines>
            <line number="25" hits="2" branch="False" />
            <line number="26" hits="2" branch="False" />
            <line number="27" hits="2" branch="False" />
            <line number="28" hits="2" branch="False" />
            <line number="29" hits="2" branch="False" />
            <line number="30" hits="2" branch="False" />
            <line number="31" hits="4" branch="False" />
            <line number="24" hits="2" branch="False" />
          </lines>
        </class>
        <class name="Tenax.Application.Flashcards.FlashcardListDto" filename="Tenax.Application\Flashcards\FlashcardContracts.cs" line-rate="1" branch-rate="1" complexity="1">
          <methods>
            <method name="get_Items" signature="()" line-rate="1" branch-rate="1" complexity="1">
              <lines>
                <line number="33" hits="5" branch="False" />
              </lines>
            </method>
          </methods>
          <lines>
            <line number="33" hits="5" branch="False" />
          </lines>
        </class>
        <class name="Tenax.Application.Flashcards.DeleteFlashcardDto" filename="Tenax.Application\Flashcards\FlashcardContracts.cs" line-rate="1" branch-rate="1" complexity="1">
          <methods>
            <method name="get_Deleted" signature="()" line-rate="1" branch-rate="1" complexity="1">
              <lines>
                <line number="35" hits="5" branch="False" />
              </lines>
            </method>
          </methods>
          <lines>
            <line number="35" hits="5" branch="False" />
          </lines>
        </class>
        <class name="Tenax.Application.Flashcards.FlashcardFailure" filename="Tenax.Application\Flashcards\FlashcardResult.cs" line-rate="1" branch-rate="1" complexity="1">
          <methods>
            <method name="get_Code" signature="()" line-rate="1" branch-rate="1" complexity="1">
              <lines>
                <line number="13" hits="60" branch="False" />
              </lines>
            </method>
          </methods>
          <lines>
            <line number="13" hits="60" branch="False" />
          </lines>
        </class>
        <class name="Tenax.Application.Flashcards.FlashcardResult`1" filename="Tenax.Application\Flashcards\FlashcardResult.cs" line-rate="1" branch-rate="1" complexity="6">
          <methods>
            <method name="get_Value" signature="()" line-rate="1" branch-rate="1" complexity="1">
              <lines>
                <line number="23" hits="16" branch="False" />
              </lines>
            </method>
            <method name="get_Failure" signature="()" line-rate="1" branch-rate="1" complexity="1">
              <lines>
                <line number="25" hits="34" branch="False" />
              </lines>
            </method>
            <method name="get_IsSuccess" signature="()" line-rate="1" branch-rate="1" complexity="1">
              <lines>
                <line number="27" hits="22" branch="False" />
              </lines>
            </method>
            <method name="Success" signature="(T)" line-rate="1" branch-rate="1" complexity="1">
              <lines>
                <line number="30" hits="10" branch="False" />
                <line number="31" hits="10" branch="False" />
                <line number="32" hits="10" branch="False" />
              </lines>
            </method>
            <method name="Failed" signature="(Tenax.Application.Flashcards.FlashcardFailure)" line-rate="1" branch-rate="1" complexity="1">
              <lines>
                <line number="35" hits="12" branch="False" />
                <line number="36" hits="12" branch="False" />
                <line number="37" hits="12" branch="False" />
              </lines>
            </method>
            <method name=".ctor" signature="(T,Tenax.Application.Flashcards.FlashcardFailure)" line-rate="1" branch-rate="1" complexity="1">
              <lines>
                <line number="17" hits="22" branch="False" />
                <line number="18" hits="22" branch="False" />
                <line number="19" hits="22" branch="False" />
                <line number="20" hits="22" branch="False" />
                <line number="21" hits="22" branch="False" />
              </lines>
            </method>
          </methods>
          <lines>
            <line number="23" hits="16" branch="False" />
            <line number="25" hits="34" branch="False" />
            <line number="27" hits="22" branch="False" />
            <line number="30" hits="10" branch="False" />
            <line number="31" hits="10" branch="False" />
            <line number="32" hits="10" branch="False" />
            <line number="35" hits="12" branch="False" />
            <line number="36" hits="12" branch="False" />
            <line number="37" hits="12" branch="False" />
            <line number="17" hits="22" branch="False" />
            <line number="18" hits="22" branch="False" />
            <line number="19" hits="22" branch="False" />
            <line number="20" hits="22" branch="False" />
            <line number="21" hits="22" branch="False" />
          </lines>
        </class>
        <class name="Tenax.Application.Flashcards.FlashcardService" filename="Tenax.Application\Flashcards\FlashcardService.cs" line-rate="0.8595999999999999" branch-rate="0.5" complexity="11">
          <methods>
            <method name="PersistenceUnavailableFailure" signature="()" line-rate="0" branch-rate="1" complexity="1">
              <lines>
                <line number="237" hits="0" branch="False" />
                <line number="238" hits="0" branch="False" />
                <line number="239" hits="0" branch="False" />
              </lines>
            </method>
            <method name="GenerateId" signature="()" line-rate="1" branch-rate="1" complexity="1">
              <lines>
                <line number="242" hits="6" branch="False" />
                <line number="243" hits="6" branch="False" />
                <line number="244" hits="6" branch="False" />
              </lines>
            </method>
            <method name="BuildDefinitionPreview" signature="(System.String)" line-rate="0.8332999999999999" branch-rate="0.5" complexity="2">
              <lines>
                <line number="247" hits="2" branch="False" />
                <line number="249" hits="2" branch="True" condition-coverage="50% (1/2)">
                  <conditions>
                    <condition number="16" type="jump" coverage="50%" />
                  </conditions>
                </line>
                <line number="250" hits="2" branch="False" />
                <line number="251" hits="2" branch="False" />
                <line number="254" hits="0" branch="False" />
                <line number="255" hits="2" branch="False" />
              </lines>
            </method>
            <method name="ValidationFailure" signature="(FluentValidation.Results.ValidationResult)" line-rate="1" branch-rate="1" complexity="1">
              <lines>
                <line number="258" hits="4" branch="False" />
                <line number="259" hits="4" branch="False" />
                <line number="260" hits="5" branch="False" />
                <line number="261" hits="4" branch="False" />
                <line number="262" hits="5" branch="False" />
                <line number="263" hits="10" branch="False" />
                <line number="264" hits="4" branch="False" />
                <line number="266" hits="4" branch="False" />
                <line number="267" hits="4" branch="False" />
              </lines>
            </method>
            <method name="ToCamelCase" signature="(System.String)" line-rate="0.5555" branch-rate="0.5" complexity="4">
              <lines>
                <line number="270" hits="5" branch="False" />
                <line number="271" hits="5" branch="True" condition-coverage="50% (1/2)">
                  <conditions>
                    <condition number="9" type="jump" coverage="50%" />
                  </conditions>
                </line>
                <line number="272" hits="0" branch="False" />
                <line number="273" hits="0" branch="False" />
                <line number="276" hits="5" branch="True" condition-coverage="50% (1/2)">
                  <conditions>
                    <condition number="27" type="jump" coverage="50%" />
                  </conditions>
                </line>
                <line number="277" hits="0" branch="False" />
                <line number="278" hits="0" branch="False" />
                <line number="281" hits="5" branch="False" />
                <line number="282" hits="5" branch="False" />
              </lines>
            </method>
            <method name="MapDto" signature="(Tenax.Domain.Flashcards.Flashcard)" line-rate="1" branch-rate="1" complexity="1">
              <lines>
                <line number="285" hits="8" branch="False" />
                <line number="286" hits="8" branch="False" />
                <line number="287" hits="8" branch="False" />
                <line number="288" hits="8" branch="False" />
                <line number="289" hits="8" branch="False" />
                <line number="290" hits="8" branch="False" />
                <line number="291" hits="8" branch="False" />
                <line number="292" hits="8" branch="False" />
                <line number="293" hits="8" branch="False" />
                <line number="294" hits="8" branch="False" />
                <line number="295" hits="8" branch="False" />
                <line number="296" hits="8" branch="False" />
              </lines>
            </method>
            <method name=".ctor" signature="(Tenax.Application.Abstractions.Persistence.IDeckRepository,Tenax.Application.Abstractions.Persistence.IFlashcardRepository,FluentValidation.IValidator`1&lt;Tenax.Application.Flashcards.CreateFlashcardInput&gt;,FluentValidation.IValidator`1&lt;Tenax.Application.Flashcards.UpdateFlashcardInput&gt;,FluentValidation.IValidator`1&lt;Tenax.Application.Flashcards.ListFlashcardsInput&gt;,System.TimeProvider)" line-rate="1" branch-rate="1" complexity="1">
              <lines>
                <line number="16" hits="20" branch="False" />
                <line number="17" hits="20" branch="False" />
                <line number="18" hits="20" branch="False" />
                <line number="19" hits="20" branch="False" />
                <line number="20" hits="20" branch="False" />
                <line number="21" hits="20" branch="False" />
                <line number="22" hits="20" branch="False" />
                <line number="23" hits="20" branch="False" />
                <line number="24" hits="20" branch="False" />
                <line number="25" hits="20" branch="False" />
                <line number="26" hits="20" branch="False" />
                <line number="27" hits="20" branch="False" />
                <line number="28" hits="20" branch="False" />
                <line number="29" hits="20" branch="False" />
                <line number="30" hits="20" branch="False" />
              </lines>
            </method>
          </methods>
          <lines>
            <line number="237" hits="0" branch="False" />
            <line number="238" hits="0" branch="False" />
            <line number="239" hits="0" branch="False" />
            <line number="242" hits="6" branch="False" />
            <line number="243" hits="6" branch="False" />
            <line number="244" hits="6" branch="False" />
            <line number="247" hits="2" branch="False" />
            <line number="249" hits="2" branch="True" condition-coverage="50% (1/2)">
              <conditions>
                <condition number="16" type="jump" coverage="50%" />
              </conditions>
            </line>
            <line number="250" hits="2" branch="False" />
            <line number="251" hits="2" branch="False" />
            <line number="254" hits="0" branch="False" />
            <line number="255" hits="2" branch="False" />
            <line number="258" hits="4" branch="False" />
            <line number="259" hits="4" branch="False" />
            <line number="260" hits="5" branch="False" />
            <line number="261" hits="4" branch="False" />
            <line number="262" hits="5" branch="False" />
            <line number="263" hits="10" branch="False" />
            <line number="264" hits="4" branch="False" />
            <line number="266" hits="4" branch="False" />
            <line number="267" hits="4" branch="False" />
            <line number="270" hits="5" branch="False" />
            <line number="271" hits="5" branch="True" condition-coverage="50% (1/2)">
              <conditions>
                <condition number="9" type="jump" coverage="50%" />
              </conditions>
            </line>
            <line number="272" hits="0" branch="False" />
            <line number="273" hits="0" branch="False" />
            <line number="276" hits="5" branch="True" condition-coverage="50% (1/2)">
              <conditions>
                <condition number="27" type="jump" coverage="50%" />
              </conditions>
            </line>
            <line number="277" hits="0" branch="False" />
            <line number="278" hits="0" branch="False" />
            <line number="281" hits="5" branch="False" />
            <line number="282" hits="5" branch="False" />
            <line number="285" hits="8" branch="False" />
            <line number="286" hits="8" branch="False" />
            <line number="287" hits="8" branch="False" />
            <line number="288" hits="8" branch="False" />
            <line number="289" hits="8" branch="False" />
            <line number="290" hits="8" branch="False" />
            <line number="291" hits="8" branch="False" />
            <line number="292" hits="8" branch="False" />
            <line number="293" hits="8" branch="False" />
            <line number="294" hits="8" branch="False" />
            <line number="295" hits="8" branch="False" />
            <line number="296" hits="8" branch="False" />
            <line number="16" hits="20" branch="False" />
            <line number="17" hits="20" branch="False" />
            <line number="18" hits="20" branch="False" />
            <line number="19" hits="20" branch="False" />
            <line number="20" hits="20" branch="False" />
            <line number="21" hits="20" branch="False" />
            <line number="22" hits="20" branch="False" />
            <line number="23" hits="20" branch="False" />
            <line number="24" hits="20" branch="False" />
            <line number="25" hits="20" branch="False" />
            <line number="26" hits="20" branch="False" />
            <line number="27" hits="20" branch="False" />
            <line number="28" hits="20" branch="False" />
            <line number="29" hits="20" branch="False" />
            <line number="30" hits="20" branch="False" />
          </lines>
        </class>
        <class name="Tenax.Application.Flashcards.FlashcardService/&lt;&gt;c" filename="Tenax.Application\Flashcards\FlashcardService.cs" line-rate="1" branch-rate="1" complexity="1">
          <methods>
            <method name="&lt;ListAsync&gt;b__8_0" signature="(Tenax.Domain.Flashcards.Flashcard)" line-rate="1" branch-rate="1" complexity="1">
              <lines>
                <line number="101" hits="2" branch="False" />
                <line number="102" hits="2" branch="False" />
                <line number="103" hits="2" branch="False" />
                <line number="104" hits="2" branch="False" />
                <line number="105" hits="2" branch="False" />
                <line number="106" hits="2" branch="False" />
                <line number="107" hits="2" branch="False" />
                <line number="108" hits="2" branch="False" />
              </lines>
            </method>
          </methods>
          <lines>
            <line number="101" hits="2" branch="False" />
            <line number="102" hits="2" branch="False" />
            <line number="103" hits="2" branch="False" />
            <line number="104" hits="2" branch="False" />
            <line number="105" hits="2" branch="False" />
            <line number="106" hits="2" branch="False" />
            <line number="107" hits="2" branch="False" />
            <line number="108" hits="2" branch="False" />
          </lines>
        </class>
        <class name="Tenax.Application.Flashcards.FlashcardService/&lt;CreateAsync&gt;d__7" filename="Tenax.Application\Flashcards\FlashcardService.cs" line-rate="0.8332999999999999" branch-rate="0.875" complexity="8">
          <methods>
            <method name="MoveNext" signature="()" line-rate="0.8332999999999999" branch-rate="0.875" complexity="8">
              <lines>
                <line number="33" hits="8" branch="False" />
                <line number="35" hits="8" branch="False" />
                <line number="36" hits="8" branch="False" />
                <line number="37" hits="8" branch="True" condition-coverage="100% (2/2)">
                  <conditions>
                    <condition number="210" type="jump" coverage="100%" />
                  </conditions>
                </line>
                <line number="38" hits="1" branch="False" />
                <line number="39" hits="1" branch="False" />
                <line number="42" hits="7" branch="False" />
                <line number="43" hits="7" branch="True" condition-coverage="100% (2/2)">
                  <conditions>
                    <condition number="398" type="jump" coverage="100%" />
                  </conditions>
                </line>
                <line number="44" hits="1" branch="False" />
                <line number="45" hits="1" branch="False" />
                <line number="48" hits="6" branch="True" condition-coverage="50% (1/2)">
                  <conditions>
                    <condition number="463" type="jump" coverage="50%" />
                  </conditions>
                </line>
                <line number="49" hits="0" branch="False" />
                <line number="50" hits="0" branch="False" />
                <line number="53" hits="6" branch="False" />
                <line number="54" hits="6" branch="True" condition-coverage="100% (2/2)">
                  <conditions>
                    <condition number="570" type="jump" coverage="100%" />
                  </conditions>
                </line>
                <line number="55" hits="6" branch="False" />
                <line number="56" hits="6" branch="False" />
                <line number="57" hits="6" branch="False" />
                <line number="58" hits="6" branch="False" />
                <line number="59" hits="6" branch="False" />
                <line number="60" hits="6" branch="False" />
                <line number="61" hits="6" branch="False" />
                <line number="62" hits="6" branch="False" />
                <line number="63" hits="6" branch="False" />
                <line number="65" hits="6" branch="False" />
                <line number="67" hits="6" branch="False" />
                <line number="69" hits="0" branch="False" />
                <line number="70" hits="0" branch="False" />
                <line number="71" hits="0" branch="False" />
                <line number="73" hits="8" branch="False" />
              </lines>
            </method>
          </methods>
          <lines>
            <line number="33" hits="8" branch="False" />
            <line number="35" hits="8" branch="False" />
            <line number="36" hits="8" branch="False" />
            <line number="37" hits="8" branch="True" condition-coverage="100% (2/2)">
              <conditions>
                <condition number="210" type="jump" coverage="100%" />
              </conditions>
            </line>
            <line number="38" hits="1" branch="False" />
            <line number="39" hits="1" branch="False" />
            <line number="42" hits="7" branch="False" />
            <line number="43" hits="7" branch="True" condition-coverage="100% (2/2)">
              <conditions>
                <condition number="398" type="jump" coverage="100%" />
              </conditions>
            </line>
            <line number="44" hits="1" branch="False" />
            <line number="45" hits="1" branch="False" />
            <line number="48" hits="6" branch="True" condition-coverage="50% (1/2)">
              <conditions>
                <condition number="463" type="jump" coverage="50%" />
              </conditions>
            </line>
            <line number="49" hits="0" branch="False" />
            <line number="50" hits="0" branch="False" />
            <line number="53" hits="6" branch="False" />
            <line number="54" hits="6" branch="True" condition-coverage="100% (2/2)">
              <conditions>
                <condition number="570" type="jump" coverage="100%" />
              </conditions>
            </line>
            <line number="55" hits="6" branch="False" />
            <line number="56" hits="6" branch="False" />
            <line number="57" hits="6" branch="False" />
            <line number="58" hits="6" branch="False" />
            <line number="59" hits="6" branch="False" />
            <line number="60" hits="6" branch="False" />
            <line number="61" hits="6" branch="False" />
            <line number="62" hits="6" branch="False" />
            <line number="63" hits="6" branch="False" />
            <line number="65" hits="6" branch="False" />
            <line number="67" hits="6" branch="False" />
            <line number="69" hits="0" branch="False" />
            <line number="70" hits="0" branch="False" />
            <line number="71" hits="0" branch="False" />
            <line number="73" hits="8" branch="False" />
          </lines>
        </class>
        <class name="Tenax.Application.Flashcards.FlashcardService/&lt;DeleteAsync&gt;d__11" filename="Tenax.Application\Flashcards\FlashcardService.cs" line-rate="0.5416" branch-rate="0.625" complexity="8">
          <methods>
            <method name="MoveNext" signature="()" line-rate="0.5416" branch-rate="0.625" complexity="8">
              <lines>
                <line number="200" hits="2" branch="False" />
                <line number="202" hits="2" branch="False" />
                <line number="203" hits="2" branch="False" />
                <line number="204" hits="2" branch="True" condition-coverage="100% (2/2)">
                  <conditions>
                    <condition number="221" type="jump" coverage="100%" />
                  </conditions>
                </line>
                <line number="205" hits="1" branch="False" />
                <line number="206" hits="1" branch="False" />
                <line number="209" hits="1" branch="False" />
                <line number="210" hits="1" branch="True" condition-coverage="50% (1/2)">
                  <conditions>
                    <condition number="414" type="jump" coverage="50%" />
                  </conditions>
                </line>
                <line number="211" hits="0" branch="False" />
                <line number="212" hits="0" branch="False" />
                <line number="215" hits="1" branch="True" condition-coverage="50% (1/2)">
                  <conditions>
                    <condition number="479" type="jump" coverage="50%" />
                  </conditions>
                </line>
                <line number="216" hits="0" branch="False" />
                <line number="217" hits="0" branch="False" />
                <line number="220" hits="1" branch="False" />
                <line number="221" hits="1" branch="True" condition-coverage="50% (1/2)">
                  <conditions>
                    <condition number="687" type="jump" coverage="50%" />
                  </conditions>
                </line>
                <line number="222" hits="0" branch="False" />
                <line number="223" hits="0" branch="False" />
                <line number="224" hits="0" branch="False" />
                <line number="225" hits="0" branch="False" />
                <line number="228" hits="1" branch="False" />
                <line number="230" hits="0" branch="False" />
                <line number="231" hits="0" branch="False" />
                <line number="232" hits="0" branch="False" />
                <line number="234" hits="2" branch="False" />
              </lines>
            </method>
          </methods>
          <lines>
            <line number="200" hits="2" branch="False" />
            <line number="202" hits="2" branch="False" />
            <line number="203" hits="2" branch="False" />
            <line number="204" hits="2" branch="True" condition-coverage="100% (2/2)">
              <conditions>
                <condition number="221" type="jump" coverage="100%" />
              </conditions>
            </line>
            <line number="205" hits="1" branch="False" />
            <line number="206" hits="1" branch="False" />
            <line number="209" hits="1" branch="False" />
            <line number="210" hits="1" branch="True" condition-coverage="50% (1/2)">
              <conditions>
                <condition number="414" type="jump" coverage="50%" />
              </conditions>
            </line>
            <line number="211" hits="0" branch="False" />
            <line number="212" hits="0" branch="False" />
            <line number="215" hits="1" branch="True" condition-coverage="50% (1/2)">
              <conditions>
                <condition number="479" type="jump" coverage="50%" />
              </conditions>
            </line>
            <line number="216" hits="0" branch="False" />
            <line number="217" hits="0" branch="False" />
            <line number="220" hits="1" branch="False" />
            <line number="221" hits="1" branch="True" condition-coverage="50% (1/2)">
              <conditions>
                <condition number="687" type="jump" coverage="50%" />
              </conditions>
            </line>
            <line number="222" hits="0" branch="False" />
            <line number="223" hits="0" branch="False" />
            <line number="224" hits="0" branch="False" />
            <line number="225" hits="0" branch="False" />
            <line number="228" hits="1" branch="False" />
            <line number="230" hits="0" branch="False" />
            <line number="231" hits="0" branch="False" />
            <line number="232" hits="0" branch="False" />
            <line number="234" hits="2" branch="False" />
          </lines>
        </class>
        <class name="Tenax.Application.Flashcards.FlashcardService/&lt;GetDetailAsync&gt;d__9" filename="Tenax.Application\Flashcards\FlashcardService.cs" line-rate="0.6111" branch-rate="0.6666" complexity="6">
          <methods>
            <method name="MoveNext" signature="()" line-rate="0.6111" branch-rate="0.6666" complexity="6">
              <lines>
                <line number="120" hits="2" branch="False" />
                <line number="122" hits="2" branch="False" />
                <line number="123" hits="2" branch="False" />
                <line number="124" hits="2" branch="True" condition-coverage="100% (2/2)">
                  <conditions>
                    <condition number="207" type="jump" coverage="100%" />
                  </conditions>
                </line>
                <line number="125" hits="1" branch="False" />
                <line number="126" hits="1" branch="False" />
                <line number="129" hits="1" branch="False" />
                <line number="130" hits="1" branch="True" condition-coverage="50% (1/2)">
                  <conditions>
                    <condition number="400" type="jump" coverage="50%" />
                  </conditions>
                </line>
                <line number="131" hits="0" branch="False" />
                <line number="132" hits="0" branch="False" />
                <line number="135" hits="1" branch="True" condition-coverage="50% (1/2)">
                  <conditions>
                    <condition number="462" type="jump" coverage="50%" />
                  </conditions>
                </line>
                <line number="136" hits="0" branch="False" />
                <line number="137" hits="0" branch="False" />
                <line number="140" hits="1" branch="False" />
                <line number="142" hits="0" branch="False" />
                <line number="143" hits="0" branch="False" />
                <line number="144" hits="0" branch="False" />
                <line number="146" hits="2" branch="False" />
              </lines>
            </method>
          </methods>
          <lines>
            <line number="120" hits="2" branch="False" />
            <line number="122" hits="2" branch="False" />
            <line number="123" hits="2" branch="False" />
            <line number="124" hits="2" branch="True" condition-coverage="100% (2/2)">
              <conditions>
                <condition number="207" type="jump" coverage="100%" />
              </conditions>
            </line>
            <line number="125" hits="1" branch="False" />
            <line number="126" hits="1" branch="False" />
            <line number="129" hits="1" branch="False" />
            <line number="130" hits="1" branch="True" condition-coverage="50% (1/2)">
              <conditions>
                <condition number="400" type="jump" coverage="50%" />
              </conditions>
            </line>
            <line number="131" hits="0" branch="False" />
            <line number="132" hits="0" branch="False" />
            <line number="135" hits="1" branch="True" condition-coverage="50% (1/2)">
              <conditions>
                <condition number="462" type="jump" coverage="50%" />
              </conditions>
            </line>
            <line number="136" hits="0" branch="False" />
            <line number="137" hits="0" branch="False" />
            <line number="140" hits="1" branch="False" />
            <line number="142" hits="0" branch="False" />
            <line number="143" hits="0" branch="False" />
            <line number="144" hits="0" branch="False" />
            <line number="146" hits="2" branch="False" />
          </lines>
        </class>
        <class name="Tenax.Application.Flashcards.FlashcardService/&lt;ListAsync&gt;d__8" filename="Tenax.Application\Flashcards\FlashcardService.cs" line-rate="0.8695" branch-rate="1" complexity="6">
          <methods>
            <method name="MoveNext" signature="()" line-rate="0.8695" branch-rate="1" complexity="6">
              <lines>
                <line number="76" hits="5" branch="False" />
                <line number="78" hits="5" branch="False" />
                <line number="79" hits="5" branch="False" />
                <line number="80" hits="5" branch="True" condition-coverage="100% (2/2)">
                  <conditions>
                    <condition number="219" type="jump" coverage="100%" />
                  </conditions>
                </line>
                <line number="81" hits="2" branch="False" />
                <line number="82" hits="2" branch="False" />
                <line number="85" hits="3" branch="False" />
                <line number="86" hits="3" branch="True" condition-coverage="100% (2/2)">
                  <conditions>
                    <condition number="407" type="jump" coverage="100%" />
                  </conditions>
                </line>
                <line number="87" hits="1" branch="False" />
                <line number="88" hits="1" branch="False" />
                <line number="91" hits="2" branch="True" condition-coverage="100% (2/2)">
                  <conditions>
                    <condition number="472" type="jump" coverage="100%" />
                  </conditions>
                </line>
                <line number="92" hits="1" branch="False" />
                <line number="93" hits="1" branch="False" />
                <line number="96" hits="1" branch="False" />
                <line number="97" hits="1" branch="False" />
                <line number="98" hits="1" branch="False" />
                <line number="100" hits="1" branch="False" />
                <line number="109" hits="1" branch="False" />
                <line number="111" hits="1" branch="False" />
                <line number="113" hits="0" branch="False" />
                <line number="114" hits="0" branch="False" />
                <line number="115" hits="0" branch="False" />
                <line number="117" hits="5" branch="False" />
              </lines>
            </method>
          </methods>
          <lines>
            <line number="76" hits="5" branch="False" />
            <line number="78" hits="5" branch="False" />
            <line number="79" hits="5" branch="False" />
            <line number="80" hits="5" branch="True" condition-coverage="100% (2/2)">
              <conditions>
                <condition number="219" type="jump" coverage="100%" />
              </conditions>
            </line>
            <line number="81" hits="2" branch="False" />
            <line number="82" hits="2" branch="False" />
            <line number="85" hits="3" branch="False" />
            <line number="86" hits="3" branch="True" condition-coverage="100% (2/2)">
              <conditions>
                <condition number="407" type="jump" coverage="100%" />
              </conditions>
            </line>
            <line number="87" hits="1" branch="False" />
            <line number="88" hits="1" branch="False" />
            <line number="91" hits="2" branch="True" condition-coverage="100% (2/2)">
              <conditions>
                <condition number="472" type="jump" coverage="100%" />
              </conditions>
            </line>
            <line number="92" hits="1" branch="False" />
            <line number="93" hits="1" branch="False" />
            <line number="96" hits="1" branch="False" />
            <line number="97" hits="1" branch="False" />
            <line number="98" hits="1" branch="False" />
            <line number="100" hits="1" branch="False" />
            <line number="109" hits="1" branch="False" />
            <line number="111" hits="1" branch="False" />
            <line number="113" hits="0" branch="False" />
            <line number="114" hits="0" branch="False" />
            <line number="115" hits="0" branch="False" />
            <line number="117" hits="5" branch="False" />
          </lines>
        </class>
        <class name="Tenax.Application.Flashcards.FlashcardService/&lt;UpdateAsync&gt;d__10" filename="Tenax.Application\Flashcards\FlashcardService.cs" line-rate="0.6857" branch-rate="0.6666" complexity="12">
          <methods>
            <method name="MoveNext" signature="()" line-rate="0.6857" branch-rate="0.6666" complexity="12">
              <lines>
                <line number="149" hits="3" branch="False" />
                <line number="151" hits="3" branch="False" />
                <line number="152" hits="3" branch="False" />
                <line number="153" hits="3" branch="True" condition-coverage="100% (2/2)">
                  <conditions>
                    <condition number="219" type="jump" coverage="100%" />
                  </conditions>
                </line>
                <line number="154" hits="1" branch="False" />
                <line number="155" hits="1" branch="False" />
                <line number="158" hits="2" branch="False" />
                <line number="159" hits="2" branch="True" condition-coverage="100% (2/2)">
                  <conditions>
                    <condition number="418" type="jump" coverage="100%" />
                  </conditions>
                </line>
                <line number="160" hits="1" branch="False" />
                <line number="161" hits="1" branch="False" />
                <line number="164" hits="1" branch="False" />
                <line number="165" hits="1" branch="True" condition-coverage="50% (1/2)">
                  <conditions>
                    <condition number="611" type="jump" coverage="50%" />
                  </conditions>
                </line>
                <line number="166" hits="0" branch="False" />
                <line number="167" hits="0" branch="False" />
                <line number="170" hits="1" branch="True" condition-coverage="50% (1/2)">
                  <conditions>
                    <condition number="676" type="jump" coverage="50%" />
                  </conditions>
                </line>
                <line number="171" hits="0" branch="False" />
                <line number="172" hits="0" branch="False" />
                <line number="175" hits="1" branch="False" />
                <line number="176" hits="1" branch="True" condition-coverage="50% (1/2)">
                  <conditions>
                    <condition number="767" type="jump" coverage="50%" />
                  </conditions>
                </line>
                <line number="177" hits="1" branch="False" />
                <line number="178" hits="1" branch="False" />
                <line number="179" hits="1" branch="False" />
                <line number="180" hits="1" branch="False" />
                <line number="181" hits="1" branch="False" />
                <line number="183" hits="1" branch="False" />
                <line number="184" hits="1" branch="True" condition-coverage="50% (1/2)">
                  <conditions>
                    <condition number="973" type="jump" coverage="50%" />
                  </conditions>
                </line>
                <line number="185" hits="0" branch="False" />
                <line number="186" hits="0" branch="False" />
                <line number="187" hits="0" branch="False" />
                <line number="188" hits="0" branch="False" />
                <line number="191" hits="1" branch="False" />
                <line number="193" hits="0" branch="False" />
                <line number="194" hits="0" branch="False" />
                <line number="195" hits="0" branch="False" />
                <line number="197" hits="3" branch="False" />
              </lines>
            </method>
          </methods>
          <lines>
            <line number="149" hits="3" branch="False" />
            <line number="151" hits="3" branch="False" />
            <line number="152" hits="3" branch="False" />
            <line number="153" hits="3" branch="True" condition-coverage="100% (2/2)">
              <conditions>
                <condition number="219" type="jump" coverage="100%" />
              </conditions>
            </line>
            <line number="154" hits="1" branch="False" />
            <line number="155" hits="1" branch="False" />
            <line number="158" hits="2" branch="False" />
            <line number="159" hits="2" branch="True" condition-coverage="100% (2/2)">
              <conditions>
                <condition number="418" type="jump" coverage="100%" />
              </conditions>
            </line>
            <line number="160" hits="1" branch="False" />
            <line number="161" hits="1" branch="False" />
            <line number="164" hits="1" branch="False" />
            <line number="165" hits="1" branch="True" condition-coverage="50% (1/2)">
              <conditions>
                <condition number="611" type="jump" coverage="50%" />
              </conditions>
            </line>
            <line number="166" hits="0" branch="False" />
            <line number="167" hits="0" branch="False" />
            <line number="170" hits="1" branch="True" condition-coverage="50% (1/2)">
              <conditions>
                <condition number="676" type="jump" coverage="50%" />
              </conditions>
            </line>
            <line number="171" hits="0" branch="False" />
            <line number="172" hits="0" branch="False" />
            <line number="175" hits="1" branch="False" />
            <line number="176" hits="1" branch="True" condition-coverage="50% (1/2)">
              <conditions>
                <condition number="767" type="jump" coverage="50%" />
              </conditions>
            </line>
            <line number="177" hits="1" branch="False" />
            <line number="178" hits="1" branch="False" />
            <line number="179" hits="1" branch="False" />
            <line number="180" hits="1" branch="False" />
            <line number="181" hits="1" branch="False" />
            <line number="183" hits="1" branch="False" />
            <line number="184" hits="1" branch="True" condition-coverage="50% (1/2)">
              <conditions>
                <condition number="973" type="jump" coverage="50%" />
              </conditions>
            </line>
            <line number="185" hits="0" branch="False" />
            <line number="186" hits="0" branch="False" />
            <line number="187" hits="0" branch="False" />
            <line number="188" hits="0" branch="False" />
            <line number="191" hits="1" branch="False" />
            <line number="193" hits="0" branch="False" />
            <line number="194" hits="0" branch="False" />
            <line number="195" hits="0" branch="False" />
            <line number="197" hits="3" branch="False" />
          </lines>
        </class>
        <class name="Tenax.Application.Flashcards.Validation.CreateFlashcardInputValidator" filename="Tenax.Application\Flashcards\Validation\CreateFlashcardInputValidator.cs" line-rate="1" branch-rate="1" complexity="2">
          <methods>
            <method name="BeValidUri" signature="(System.String)" line-rate="1" branch-rate="1" complexity="1">
              <lines>
                <line number="30" hits="1" branch="False" />
                <line number="31" hits="1" branch="False" />
                <line number="32" hits="1" branch="False" />
              </lines>
            </method>
            <method name=".ctor" signature="()" line-rate="1" branch-rate="1" complexity="1">
              <lines>
                <line number="7" hits="20" branch="False" />
                <line number="8" hits="20" branch="False" />
                <line number="9" hits="20" branch="False" />
                <line number="10" hits="20" branch="False" />
                <line number="12" hits="20" branch="False" />
                <line number="13" hits="20" branch="False" />
                <line number="15" hits="20" branch="False" />
                <line number="16" hits="20" branch="False" />
                <line number="17" hits="20" branch="False" />
                <line number="19" hits="20" branch="False" />
                <line number="20" hits="20" branch="False" />
                <line number="21" hits="20" branch="False" />
                <line number="23" hits="20" branch="False" />
                <line number="24" hits="20" branch="False" />
                <line number="25" hits="20" branch="False" />
                <line number="26" hits="36" branch="False" />
                <line number="27" hits="20" branch="False" />
              </lines>
            </method>
          </methods>
          <lines>
            <line number="30" hits="1" branch="False" />
            <line number="31" hits="1" branch="False" />
            <line number="32" hits="1" branch="False" />
            <line number="7" hits="20" branch="False" />
            <line number="8" hits="20" branch="False" />
            <line number="9" hits="20" branch="False" />
            <line number="10" hits="20" branch="False" />
            <line number="12" hits="20" branch="False" />
            <line number="13" hits="20" branch="False" />
            <line number="15" hits="20" branch="False" />
            <line number="16" hits="20" branch="False" />
            <line number="17" hits="20" branch="False" />
            <line number="19" hits="20" branch="False" />
            <line number="20" hits="20" branch="False" />
            <line number="21" hits="20" branch="False" />
            <line number="23" hits="20" branch="False" />
            <line number="24" hits="20" branch="False" />
            <line number="25" hits="20" branch="False" />
            <line number="26" hits="36" branch="False" />
            <line number="27" hits="20" branch="False" />
          </lines>
        </class>
        <class name="Tenax.Application.Flashcards.Validation.ListFlashcardsInputValidator" filename="Tenax.Application\Flashcards\Validation\ListFlashcardsInputValidator.cs" line-rate="1" branch-rate="1" complexity="1">
          <methods>
            <method name=".ctor" signature="()" line-rate="1" branch-rate="1" complexity="1">
              <lines>
                <line number="7" hits="20" branch="False" />
                <line number="8" hits="20" branch="False" />
                <line number="9" hits="20" branch="False" />
                <line number="10" hits="20" branch="False" />
                <line number="12" hits="20" branch="False" />
                <line number="13" hits="20" branch="False" />
                <line number="15" hits="20" branch="False" />
                <line number="16" hits="20" branch="False" />
                <line number="18" hits="20" branch="False" />
                <line number="19" hits="20" branch="False" />
                <line number="20" hits="20" branch="False" />
                <line number="21" hits="20" branch="False" />
              </lines>
            </method>
          </methods>
          <lines>
            <line number="7" hits="20" branch="False" />
            <line number="8" hits="20" branch="False" />
            <line number="9" hits="20" branch="False" />
            <line number="10" hits="20" branch="False" />
            <line number="12" hits="20" branch="False" />
            <line number="13" hits="20" branch="False" />
            <line number="15" hits="20" branch="False" />
            <line number="16" hits="20" branch="False" />
            <line number="18" hits="20" branch="False" />
            <line number="19" hits="20" branch="False" />
            <line number="20" hits="20" branch="False" />
            <line number="21" hits="20" branch="False" />
          </lines>
        </class>
        <class name="Tenax.Application.Flashcards.Validation.UpdateFlashcardInputValidator" filename="Tenax.Application\Flashcards\Validation\UpdateFlashcardInputValidator.cs" line-rate="0.8636" branch-rate="1" complexity="2">
          <methods>
            <method name="BeValidUri" signature="(System.String)" line-rate="0" branch-rate="1" complexity="1">
              <lines>
                <line number="33" hits="0" branch="False" />
                <line number="34" hits="0" branch="False" />
                <line number="35" hits="0" branch="False" />
              </lines>
            </method>
            <method name=".ctor" signature="()" line-rate="1" branch-rate="1" complexity="1">
              <lines>
                <line number="7" hits="20" branch="False" />
                <line number="8" hits="20" branch="False" />
                <line number="9" hits="20" branch="False" />
                <line number="10" hits="20" branch="False" />
                <line number="12" hits="20" branch="False" />
                <line number="13" hits="20" branch="False" />
                <line number="15" hits="20" branch="False" />
                <line number="16" hits="20" branch="False" />
                <line number="18" hits="20" branch="False" />
                <line number="19" hits="20" branch="False" />
                <line number="20" hits="20" branch="False" />
                <line number="22" hits="20" branch="False" />
                <line number="23" hits="20" branch="False" />
                <line number="24" hits="20" branch="False" />
                <line number="26" hits="20" branch="False" />
                <line number="27" hits="20" branch="False" />
                <line number="28" hits="20" branch="False" />
                <line number="29" hits="26" branch="False" />
                <line number="30" hits="20" branch="False" />
              </lines>
            </method>
          </methods>
          <lines>
            <line number="33" hits="0" branch="False" />
            <line number="34" hits="0" branch="False" />
            <line number="35" hits="0" branch="False" />
            <line number="7" hits="20" branch="False" />
            <line number="8" hits="20" branch="False" />
            <line number="9" hits="20" branch="False" />
            <line number="10" hits="20" branch="False" />
            <line number="12" hits="20" branch="False" />
            <line number="13" hits="20" branch="False" />
            <line number="15" hits="20" branch="False" />
            <line number="16" hits="20" branch="False" />
            <line number="18" hits="20" branch="False" />
            <line number="19" hits="20" branch="False" />
            <line number="20" hits="20" branch="False" />
            <line number="22" hits="20" branch="False" />
            <line number="23" hits="20" branch="False" />
            <line number="24" hits="20" branch="False" />
            <line number="26" hits="20" branch="False" />
            <line number="27" hits="20" branch="False" />
            <line number="28" hits="20" branch="False" />
            <line number="29" hits="26" branch="False" />
            <line number="30" hits="20" branch="False" />
          </lines>
        </class>
        <class name="Tenax.Application.Abstractions.Persistence.PersistenceUnavailableException" filename="Tenax.Application\Abstractions\Persistence\IFlashcardRepository.cs" line-rate="0" branch-rate="1" complexity="1">
          <methods>
            <method name=".ctor" signature="(System.String,System.Exception)" line-rate="0" branch-rate="1" complexity="1">
              <lines>
                <line number="23" hits="0" branch="False" />
                <line number="24" hits="0" branch="False" />
                <line number="25" hits="0" branch="False" />
              </lines>
            </method>
          </methods>
          <lines>
            <line number="23" hits="0" branch="False" />
            <line number="24" hits="0" branch="False" />
            <line number="25" hits="0" branch="False" />
          </lines>
        </class>
      </classes>
    </package>
    <package name="Tenax.Domain" line-rate="0.9772" branch-rate="1" complexity="14">
      <classes>
        <class name="Tenax.Domain.Flashcards.Flashcard" filename="Tenax.Domain\Flashcards\Flashcard.cs" line-rate="1" branch-rate="1" complexity="11">
          <methods>
            <method name="get_Id" signature="()" line-rate="1" branch-rate="1" complexity="1">
              <lines>
                <line number="27" hits="11" branch="False" />
              </lines>
            </method>
            <method name="get_DeckId" signature="()" line-rate="1" branch-rate="1" complexity="1">
              <lines>
                <line number="29" hits="11" branch="False" />
              </lines>
            </method>
            <method name="get_Term" signature="()" line-rate="1" branch-rate="1" complexity="1">
              <lines>
                <line number="31" hits="23" branch="False" />
              </lines>
            </method>
            <method name="get_Definition" signature="()" line-rate="1" branch-rate="1" complexity="1">
              <lines>
                <line number="33" hits="23" branch="False" />
              </lines>
            </method>
            <method name="get_ImageUrl" signature="()" line-rate="1" branch-rate="1" complexity="1">
              <lines>
                <line number="35" hits="23" branch="False" />
              </lines>
            </method>
            <method name="get_CreatedAtUtc" signature="()" line-rate="1" branch-rate="1" complexity="1">
              <lines>
                <line number="37" hits="8" branch="False" />
              </lines>
            </method>
            <method name="get_UpdatedAtUtc" signature="()" line-rate="1" branch-rate="1" complexity="1">
              <lines>
                <line number="39" hits="25" branch="False" />
              </lines>
            </method>
            <method name="get_CreatedByUserId" signature="()" line-rate="1" branch-rate="1" complexity="1">
              <lines>
                <line number="41" hits="8" branch="False" />
              </lines>
            </method>
            <method name="get_UpdatedByUserId" signature="()" line-rate="1" branch-rate="1" complexity="1">
              <lines>
                <line number="43" hits="23" branch="False" />
              </lines>
            </method>
            <method name="Update" signature="(System.String,System.String,System.String,System.DateTimeOffset,System.String)" line-rate="1" branch-rate="1" complexity="1">
              <lines>
                <line number="46" hits="1" branch="False" />
                <line number="47" hits="1" branch="False" />
                <line number="48" hits="1" branch="False" />
                <line number="49" hits="1" branch="False" />
                <line number="50" hits="1" branch="False" />
                <line number="51" hits="1" branch="False" />
                <line number="52" hits="1" branch="False" />
              </lines>
            </method>
            <method name=".ctor" signature="(System.String,System.String,System.String,System.String,System.String,System.DateTimeOffset,System.DateTimeOffset,System.String,System.String)" line-rate="1" branch-rate="1" complexity="1">
              <lines>
                <line number="5" hits="11" branch="False" />
                <line number="6" hits="11" branch="False" />
                <line number="7" hits="11" branch="False" />
                <line number="8" hits="11" branch="False" />
                <line number="9" hits="11" branch="False" />
                <line number="10" hits="11" branch="False" />
                <line number="11" hits="11" branch="False" />
                <line number="12" hits="11" branch="False" />
                <line number="13" hits="11" branch="False" />
                <line number="14" hits="11" branch="False" />
                <line number="15" hits="11" branch="False" />
                <line number="16" hits="11" branch="False" />
                <line number="17" hits="11" branch="False" />
                <line number="18" hits="11" branch="False" />
                <line number="19" hits="11" branch="False" />
                <line number="20" hits="11" branch="False" />
                <line number="21" hits="11" branch="False" />
                <line number="22" hits="11" branch="False" />
                <line number="23" hits="11" branch="False" />
                <line number="24" hits="11" branch="False" />
                <line number="25" hits="11" branch="False" />
              </lines>
            </method>
          </methods>
          <lines>
            <line number="27" hits="11" branch="False" />
            <line number="29" hits="11" branch="False" />
            <line number="31" hits="23" branch="False" />
            <line number="33" hits="23" branch="False" />
            <line number="35" hits="23" branch="False" />
            <line number="37" hits="8" branch="False" />
            <line number="39" hits="25" branch="False" />
            <line number="41" hits="8" branch="False" />
            <line number="43" hits="23" branch="False" />
            <line number="46" hits="1" branch="False" />
            <line number="47" hits="1" branch="False" />
            <line number="48" hits="1" branch="False" />
            <line number="49" hits="1" branch="False" />
            <line number="50" hits="1" branch="False" />
            <line number="51" hits="1" branch="False" />
            <line number="52" hits="1" branch="False" />
            <line number="5" hits="11" branch="False" />
            <line number="6" hits="11" branch="False" />
            <line number="7" hits="11" branch="False" />
            <line number="8" hits="11" branch="False" />
            <line number="9" hits="11" branch="False" />
            <line number="10" hits="11" branch="False" />
            <line number="11" hits="11" branch="False" />
            <line number="12" hits="11" branch="False" />
            <line number="13" hits="11" branch="False" />
            <line number="14" hits="11" branch="False" />
            <line number="15" hits="11" branch="False" />
            <line number="16" hits="11" branch="False" />
            <line number="17" hits="11" branch="False" />
            <line number="18" hits="11" branch="False" />
            <line number="19" hits="11" branch="False" />
            <line number="20" hits="11" branch="False" />
            <line number="21" hits="11" branch="False" />
            <line number="22" hits="11" branch="False" />
            <line number="23" hits="11" branch="False" />
            <line number="24" hits="11" branch="False" />
            <line number="25" hits="11" branch="False" />
          </lines>
        </class>
        <class name="Tenax.Domain.Decks.Deck" filename="Tenax.Domain\Decks\Deck.cs" line-rate="0.8571" branch-rate="1" complexity="3">
          <methods>
            <method name="get_Id" signature="()" line-rate="0" branch-rate="1" complexity="1">
              <lines>
                <line number="11" hits="0" branch="False" />
              </lines>
            </method>
            <method name="get_OwnerUserId" signature="()" line-rate="1" branch-rate="1" complexity="1">
              <lines>
                <line number="13" hits="11" branch="False" />
              </lines>
            </method>
            <method name=".ctor" signature="(System.String,System.String)" line-rate="1" branch-rate="1" complexity="1">
              <lines>
                <line number="5" hits="13" branch="False" />
                <line number="6" hits="13" branch="False" />
                <line number="7" hits="13" branch="False" />
                <line number="8" hits="13" branch="False" />
                <line number="9" hits="13" branch="False" />
              </lines>
            </method>
          </methods>
          <lines>
            <line number="11" hits="0" branch="False" />
            <line number="13" hits="11" branch="False" />
            <line number="5" hits="13" branch="False" />
            <line number="6" hits="13" branch="False" />
            <line number="7" hits="13" branch="False" />
            <line number="8" hits="13" branch="False" />
            <line number="9" hits="13" branch="False" />
          </lines>
        </class>
      </classes>
    </package>
    <package name="Tenax.Infrastructure" line-rate="0.7555" branch-rate="0.07139999999999999" complexity="67">
      <classes>
        <class name="Tenax.Infrastructure.DependencyInjection" filename="Tenax.Infrastructure\DependencyInjection.cs" line-rate="1" branch-rate="1" complexity="1">
          <methods>
            <method name="AddInfrastructure" signature="(Microsoft.Extensions.DependencyInjection.IServiceCollection,Microsoft.Extensions.Configuration.IConfiguration)" line-rate="1" branch-rate="1" complexity="1">
              <lines>
                <line number="13" hits="3" branch="False" />
                <line number="14" hits="3" branch="False" />
                <line number="16" hits="3" branch="False" />
                <line number="17" hits="25" branch="False" />
                <line number="18" hits="25" branch="False" />
                <line number="19" hits="25" branch="False" />
                <line number="20" hits="25" branch="False" />
                <line number="21" hits="50" branch="False" />
                <line number="22" hits="28" branch="False" />
                <line number="24" hits="3" branch="False" />
                <line number="25" hits="3" branch="False" />
                <line number="27" hits="3" branch="False" />
                <line number="28" hits="3" branch="False" />
                <line number="30" hits="3" branch="False" />
                <line number="31" hits="3" branch="False" />
              </lines>
            </method>
          </methods>
          <lines>
            <line number="13" hits="3" branch="False" />
            <line number="14" hits="3" branch="False" />
            <line number="16" hits="3" branch="False" />
            <line number="17" hits="25" branch="False" />
            <line number="18" hits="25" branch="False" />
            <line number="19" hits="25" branch="False" />
            <line number="20" hits="25" branch="False" />
            <line number="21" hits="50" branch="False" />
            <line number="22" hits="28" branch="False" />
            <line number="24" hits="3" branch="False" />
            <line number="25" hits="3" branch="False" />
            <line number="27" hits="3" branch="False" />
            <line number="28" hits="3" branch="False" />
            <line number="30" hits="3" branch="False" />
            <line number="31" hits="3" branch="False" />
          </lines>
        </class>
        <class name="Tenax.Infrastructure.Persistence.InMemoryDeckRepository" filename="Tenax.Infrastructure\Persistence\InMemoryDeckRepository.cs" line-rate="0" branch-rate="1" complexity="2">
          <methods>
            <method name="GetByIdAsync" signature="(System.String,System.Threading.CancellationToken)" line-rate="0" branch-rate="1" complexity="1">
              <lines>
                <line number="16" hits="0" branch="False" />
                <line number="17" hits="0" branch="False" />
                <line number="18" hits="0" branch="False" />
                <line number="19" hits="0" branch="False" />
              </lines>
            </method>
            <method name=".ctor" signature="()" line-rate="0" branch-rate="1" complexity="1">
              <lines>
                <line number="9" hits="0" branch="False" />
                <line number="10" hits="0" branch="False" />
                <line number="11" hits="0" branch="False" />
                <line number="12" hits="0" branch="False" />
                <line number="13" hits="0" branch="False" />
              </lines>
            </method>
          </methods>
          <lines>
            <line number="16" hits="0" branch="False" />
            <line number="17" hits="0" branch="False" />
            <line number="18" hits="0" branch="False" />
            <line number="19" hits="0" branch="False" />
            <line number="9" hits="0" branch="False" />
            <line number="10" hits="0" branch="False" />
            <line number="11" hits="0" branch="False" />
            <line number="12" hits="0" branch="False" />
            <line number="13" hits="0" branch="False" />
          </lines>
        </class>
        <class name="Tenax.Infrastructure.Persistence.InMemoryFlashcardRepository" filename="Tenax.Infrastructure\Persistence\InMemoryFlashcardRepository.cs" line-rate="0" branch-rate="0" complexity="20">
          <methods>
            <method name="AddAsync" signature="(Tenax.Domain.Flashcards.Flashcard,System.Threading.CancellationToken)" line-rate="0" branch-rate="1" complexity="1">
              <lines>
                <line number="12" hits="0" branch="False" />
                <line number="13" hits="0" branch="False" />
                <line number="14" hits="0" branch="False" />
                <line number="16" hits="0" branch="False" />
                <line number="17" hits="0" branch="False" />
              </lines>
            </method>
            <method name="ListByDeckAsync" signature="(System.String,System.Int32,System.Int32,System.Threading.CancellationToken)" line-rate="0" branch-rate="0" complexity="2">
              <lines>
                <line number="20" hits="0" branch="False" />
                <line number="21" hits="0" branch="True" condition-coverage="0% (0/2)">
                  <conditions>
                    <condition number="20" type="jump" coverage="0%" />
                  </conditions>
                </line>
                <line number="22" hits="0" branch="False" />
                <line number="23" hits="0" branch="False" />
                <line number="26" hits="0" branch="False" />
                <line number="27" hits="0" branch="False" />
                <line number="28" hits="0" branch="False" />
                <line number="29" hits="0" branch="False" />
                <line number="30" hits="0" branch="False" />
                <line number="31" hits="0" branch="False" />
                <line number="33" hits="0" branch="False" />
                <line number="34" hits="0" branch="False" />
              </lines>
            </method>
            <method name="CountByDeckAsync" signature="(System.String,System.Threading.CancellationToken)" line-rate="0" branch-rate="0" complexity="2">
              <lines>
                <line number="37" hits="0" branch="False" />
                <line number="38" hits="0" branch="True" condition-coverage="0% (0/2)">
                  <conditions>
                    <condition number="20" type="jump" coverage="0%" />
                  </conditions>
                </line>
                <line number="39" hits="0" branch="False" />
                <line number="40" hits="0" branch="False" />
                <line number="43" hits="0" branch="False" />
                <line number="44" hits="0" branch="False" />
              </lines>
            </method>
            <method name="GetByIdAsync" signature="(System.String,System.String,System.Threading.CancellationToken)" line-rate="0" branch-rate="0" complexity="2">
              <lines>
                <line number="47" hits="0" branch="False" />
                <line number="48" hits="0" branch="True" condition-coverage="0% (0/2)">
                  <conditions>
                    <condition number="20" type="jump" coverage="0%" />
                  </conditions>
                </line>
                <line number="49" hits="0" branch="False" />
                <line number="50" hits="0" branch="False" />
                <line number="53" hits="0" branch="False" />
                <line number="54" hits="0" branch="False" />
                <line number="55" hits="0" branch="False" />
              </lines>
            </method>
            <method name="UpdateAsync" signature="(Tenax.Domain.Flashcards.Flashcard,System.DateTimeOffset,System.Threading.CancellationToken)" line-rate="0" branch-rate="0" complexity="6">
              <lines>
                <line number="58" hits="0" branch="False" />
                <line number="59" hits="0" branch="True" condition-coverage="0% (0/2)">
                  <conditions>
                    <condition number="25" type="jump" coverage="0%" />
                  </conditions>
                </line>
                <line number="60" hits="0" branch="False" />
                <line number="61" hits="0" branch="False" />
                <line number="64" hits="0" branch="True" condition-coverage="0% (0/2)">
                  <conditions>
                    <condition number="58" type="jump" coverage="0%" />
                  </conditions>
                </line>
                <line number="65" hits="0" branch="False" />
                <line number="66" hits="0" branch="False" />
                <line number="69" hits="0" branch="True" condition-coverage="0% (0/2)">
                  <conditions>
                    <condition number="86" type="jump" coverage="0%" />
                  </conditions>
                </line>
                <line number="70" hits="0" branch="False" />
                <line number="71" hits="0" branch="False" />
                <line number="74" hits="0" branch="False" />
                <line number="75" hits="0" branch="False" />
                <line number="76" hits="0" branch="False" />
              </lines>
            </method>
            <method name="DeleteAsync" signature="(System.String,System.String,System.DateTimeOffset,System.Threading.CancellationToken)" line-rate="0" branch-rate="0" complexity="6">
              <lines>
                <line number="79" hits="0" branch="False" />
                <line number="80" hits="0" branch="True" condition-coverage="0% (0/2)">
                  <conditions>
                    <condition number="20" type="jump" coverage="0%" />
                  </conditions>
                </line>
                <line number="81" hits="0" branch="False" />
                <line number="82" hits="0" branch="False" />
                <line number="85" hits="0" branch="True" condition-coverage="0% (0/2)">
                  <conditions>
                    <condition number="48" type="jump" coverage="0%" />
                  </conditions>
                </line>
                <line number="86" hits="0" branch="False" />
                <line number="87" hits="0" branch="False" />
                <line number="90" hits="0" branch="True" condition-coverage="0% (0/2)">
                  <conditions>
                    <condition number="76" type="jump" coverage="0%" />
                  </conditions>
[...]
            <line number="149" hits="12" branch="True" condition-coverage="91.66% (11/12)">
              <conditions>
                <condition number="53" type="jump" coverage="100%" />
                <condition number="66" type="jump" coverage="100%" />
                <condition number="79" type="jump" coverage="100%" />
                <condition number="92" type="jump" coverage="100%" />
                <condition number="105" type="jump" coverage="100%" />
                <condition number="118" type="jump" coverage="50%" />
              </conditions>
            </line>
            <line number="150" hits="12" branch="False" />
            <line number="151" hits="4" branch="False" />
            <line number="152" hits="1" branch="False" />
            <line number="153" hits="2" branch="False" />
            <line number="154" hits="3" branch="False" />
            <line number="155" hits="1" branch="False" />
            <line number="156" hits="1" branch="False" />
            <line number="157" hits="0" branch="False" />
            <line number="158" hits="12" branch="False" />
            <line number="159" hits="12" branch="False" />
            <line number="162" hits="22" branch="False" />
            <line number="163" hits="22" branch="True" condition-coverage="50% (2/4)">
              <conditions>
                <condition number="13" type="jump" coverage="50%" />
                <condition number="28" type="jump" coverage="50%" />
              </conditions>
            </line>
            <line number="164" hits="22" branch="False" />
            <line number="165" hits="22" branch="False" />
            <line number="166" hits="22" branch="False" />
          </lines>
        </class>
        <class name="Tenax.Web.Features.Flashcards.FlashcardsEndpoints/CreateFlashcardRequest" filename="Tenax.Web\Features\Flashcards\FlashcardsEndpoints.cs" line-rate="1" branch-rate="1" complexity="1">
          <methods>
            <method name="get_Term" signature="()" line-rate="1" branch-rate="1" complexity="1">
              <lines>
                <line number="168" hits="32" branch="False" />
              </lines>
            </method>
          </methods>
          <lines>
            <line number="168" hits="32" branch="False" />
          </lines>
        </class>
        <class name="Tenax.Web.Features.Flashcards.FlashcardsEndpoints/UpdateFlashcardRequest" filename="Tenax.Web\Features\Flashcards\FlashcardsEndpoints.cs" line-rate="1" branch-rate="1" complexity="1">
          <methods>
            <method name="get_Term" signature="()" line-rate="1" branch-rate="1" complexity="1">
              <lines>
                <line number="170" hits="16" branch="False" />
              </lines>
            </method>
          </methods>
          <lines>
            <line number="170" hits="16" branch="False" />
          </lines>
        </class>
        <class name="Tenax.Web.Features.Flashcards.FlashcardsEndpoints/&lt;CreateAsync&gt;d__1" filename="Tenax.Web\Features\Flashcards\FlashcardsEndpoints.cs" line-rate="1" branch-rate="1" complexity="2">
          <methods>
            <method name="MoveNext" signature="()" line-rate="1" branch-rate="1" complexity="2">
              <lines>
                <line number="74" hits="8" branch="False" />
                <line number="75" hits="8" branch="False" />
                <line number="76" hits="8" branch="False" />
                <line number="78" hits="8" branch="True" condition-coverage="100% (2/2)">
                  <conditions>
                    <condition number="232" type="jump" coverage="100%" />
                  </conditions>
                </line>
                <line number="79" hits="8" branch="False" />
                <line number="80" hits="8" branch="False" />
                <line number="81" hits="8" branch="False" />
              </lines>
            </method>
          </methods>
          <lines>
            <line number="74" hits="8" branch="False" />
            <line number="75" hits="8" branch="False" />
            <line number="76" hits="8" branch="False" />
            <line number="78" hits="8" branch="True" condition-coverage="100% (2/2)">
              <conditions>
                <condition number="232" type="jump" coverage="100%" />
              </conditions>
            </line>
            <line number="79" hits="8" branch="False" />
            <line number="80" hits="8" branch="False" />
            <line number="81" hits="8" branch="False" />
          </lines>
        </class>
        <class name="Tenax.Web.Features.Flashcards.FlashcardsEndpoints/&lt;DeleteAsync&gt;d__5" filename="Tenax.Web\Features\Flashcards\FlashcardsEndpoints.cs" line-rate="1" branch-rate="1" complexity="2">
          <methods>
            <method name="MoveNext" signature="()" line-rate="1" branch-rate="1" complexity="2">
              <lines>
                <line number="136" hits="2" branch="False" />
                <line number="137" hits="2" branch="False" />
                <line number="138" hits="2" branch="False" />
                <line number="140" hits="2" branch="True" condition-coverage="100% (2/2)">
                  <conditions>
                    <condition number="202" type="jump" coverage="100%" />
                  </conditions>
                </line>
                <line number="141" hits="2" branch="False" />
                <line number="142" hits="2" branch="False" />
                <line number="143" hits="2" branch="False" />
              </lines>
            </method>
          </methods>
          <lines>
            <line number="136" hits="2" branch="False" />
            <line number="137" hits="2" branch="False" />
            <line number="138" hits="2" branch="False" />
            <line number="140" hits="2" branch="True" condition-coverage="100% (2/2)">
              <conditions>
                <condition number="202" type="jump" coverage="100%" />
              </conditions>
            </line>
            <line number="141" hits="2" branch="False" />
            <line number="142" hits="2" branch="False" />
            <line number="143" hits="2" branch="False" />
          </lines>
        </class>
        <class name="Tenax.Web.Features.Flashcards.FlashcardsEndpoints/&lt;GetDetailAsync&gt;d__3" filename="Tenax.Web\Features\Flashcards\FlashcardsEndpoints.cs" line-rate="1" branch-rate="1" complexity="2">
          <methods>
            <method name="MoveNext" signature="()" line-rate="1" branch-rate="1" complexity="2">
              <lines>
                <line number="105" hits="2" branch="False" />
                <line number="106" hits="2" branch="False" />
                <line number="107" hits="2" branch="False" />
                <line number="109" hits="2" branch="True" condition-coverage="100% (2/2)">
                  <conditions>
                    <condition number="202" type="jump" coverage="100%" />
                  </conditions>
                </line>
                <line number="110" hits="2" branch="False" />
                <line number="111" hits="2" branch="False" />
                <line number="112" hits="2" branch="False" />
              </lines>
            </method>
          </methods>
          <lines>
            <line number="105" hits="2" branch="False" />
            <line number="106" hits="2" branch="False" />
            <line number="107" hits="2" branch="False" />
            <line number="109" hits="2" branch="True" condition-coverage="100% (2/2)">
              <conditions>
                <condition number="202" type="jump" coverage="100%" />
              </conditions>
            </line>
            <line number="110" hits="2" branch="False" />
            <line number="111" hits="2" branch="False" />
            <line number="112" hits="2" branch="False" />
          </lines>
        </class>
        <class name="Tenax.Web.Features.Flashcards.FlashcardsEndpoints/&lt;ListAsync&gt;d__2" filename="Tenax.Web\Features\Flashcards\FlashcardsEndpoints.cs" line-rate="1" branch-rate="1" complexity="2">
          <methods>
            <method name="MoveNext" signature="()" line-rate="1" branch-rate="1" complexity="2">
              <lines>
                <line number="90" hits="6" branch="False" />
                <line number="91" hits="6" branch="False" />
                <line number="92" hits="6" branch="False" />
                <line number="94" hits="6" branch="True" condition-coverage="100% (2/2)">
                  <conditions>
                    <condition number="224" type="jump" coverage="100%" />
                  </conditions>
                </line>
                <line number="95" hits="6" branch="False" />
                <line number="96" hits="6" branch="False" />
                <line number="97" hits="6" branch="False" />
              </lines>
            </method>
          </methods>
          <lines>
            <line number="90" hits="6" branch="False" />
            <line number="91" hits="6" branch="False" />
            <line number="92" hits="6" branch="False" />
            <line number="94" hits="6" branch="True" condition-coverage="100% (2/2)">
              <conditions>
                <condition number="224" type="jump" coverage="100%" />
              </conditions>
            </line>
            <line number="95" hits="6" branch="False" />
            <line number="96" hits="6" branch="False" />
            <line number="97" hits="6" branch="False" />
          </lines>
        </class>
        <class name="Tenax.Web.Features.Flashcards.FlashcardsEndpoints/&lt;UpdateAsync&gt;d__4" filename="Tenax.Web\Features\Flashcards\FlashcardsEndpoints.cs" line-rate="1" branch-rate="1" complexity="2">
          <methods>
            <method name="MoveNext" signature="()" line-rate="1" branch-rate="1" complexity="2">
              <lines>
                <line number="121" hits="4" branch="False" />
                <line number="122" hits="4" branch="False" />
                <line number="123" hits="4" branch="False" />
                <line number="125" hits="4" branch="True" condition-coverage="100% (2/2)">
                  <conditions>
                    <condition number="238" type="jump" coverage="100%" />
                  </conditions>
                </line>
                <line number="126" hits="4" branch="False" />
                <line number="127" hits="4" branch="False" />
                <line number="128" hits="4" branch="False" />
              </lines>
            </method>
          </methods>
          <lines>
            <line number="121" hits="4" branch="False" />
            <line number="122" hits="4" branch="False" />
            <line number="123" hits="4" branch="False" />
            <line number="125" hits="4" branch="True" condition-coverage="100% (2/2)">
              <conditions>
                <condition number="238" type="jump" coverage="100%" />
              </conditions>
            </line>
            <line number="126" hits="4" branch="False" />
            <line number="127" hits="4" branch="False" />
            <line number="128" hits="4" branch="False" />
          </lines>
        </class>
        <class name="Tenax.Web.Errors.ApiErrorEnvelope" filename="Tenax.Web\Errors\ApiErrorEnvelope.cs" line-rate="1" branch-rate="1" complexity="1">
          <methods>
            <method name="get_Code" signature="()" line-rate="1" branch-rate="1" complexity="1">
              <lines>
                <line number="3" hits="65" branch="False" />
              </lines>
            </method>
          </methods>
          <lines>
            <line number="3" hits="65" branch="False" />
          </lines>
        </class>
        <class name="Tenax.Web.Errors.AuthorizationEnvelopeResultHandler" filename="Tenax.Web\Errors\AuthorizationEnvelopeResultHandler.cs" line-rate="1" branch-rate="1" complexity="1">
          <methods>
            <method name=".ctor" signature="()" line-rate="1" branch-rate="1" complexity="1">
              <lines>
                <line number="9" hits="3" branch="False" />
              </lines>
            </method>
          </methods>
          <lines>
            <line number="9" hits="3" branch="False" />
          </lines>
        </class>
        <class name="Tenax.Web.Errors.AuthorizationEnvelopeResultHandler/&lt;HandleAsync&gt;d__1" filename="Tenax.Web\Errors\AuthorizationEnvelopeResultHandler.cs" line-rate="0.6923" branch-rate="0.75" complexity="4">
          <methods>
            <method name="MoveNext" signature="()" line-rate="0.6923" branch-rate="0.75" complexity="4">
              <lines>
                <line number="12" hits="23" branch="False" />
                <line number="13" hits="23" branch="True" condition-coverage="100% (2/2)">
                  <conditions>
                    <condition number="56" type="jump" coverage="100%" />
                  </conditions>
                </line>
                <line number="14" hits="1" branch="False" />
                <line number="15" hits="1" branch="False" />
                <line number="16" hits="1" branch="False" />
                <line number="17" hits="1" branch="False" />
                <line number="20" hits="22" branch="True" condition-coverage="50% (1/2)">
                  <conditions>
                    <condition number="247" type="jump" coverage="50%" />
                  </conditions>
                </line>
                <line number="21" hits="0" branch="False" />
                <line number="22" hits="0" branch="False" />
                <line number="23" hits="0" branch="False" />
                <line number="24" hits="0" branch="False" />
                <line number="27" hits="22" branch="False" />
                <line number="28" hits="23" branch="False" />
              </lines>
            </method>
          </methods>
          <lines>
            <line number="12" hits="23" branch="False" />
            <line number="13" hits="23" branch="True" condition-coverage="100% (2/2)">
              <conditions>
                <condition number="56" type="jump" coverage="100%" />
              </conditions>
            </line>
            <line number="14" hits="1" branch="False" />
            <line number="15" hits="1" branch="False" />
            <line number="16" hits="1" branch="False" />
            <line number="17" hits="1" branch="False" />
            <line number="20" hits="22" branch="True" condition-coverage="50% (1/2)">
              <conditions>
                <condition number="247" type="jump" coverage="50%" />
              </conditions>
            </line>
            <line number="21" hits="0" branch="False" />
            <line number="22" hits="0" branch="False" />
            <line number="23" hits="0" branch="False" />
            <line number="24" hits="0" branch="False" />
            <line number="27" hits="22" branch="False" />
            <line number="28" hits="23" branch="False" />
          </lines>
        </class>
        <class name="Tenax.Web.Authentication.BearerTokenAuthenticationHandler" filename="Tenax.Web\Authentication\BearerTokenAuthenticationHandler.cs" line-rate="0" branch-rate="0" complexity="7">
          <methods>
            <method name="HandleAuthenticateAsync" signature="()" line-rate="0" branch-rate="0" complexity="6">
              <lines>
                <line number="21" hits="0" branch="False" />
                <line number="22" hits="0" branch="True" condition-coverage="0% (0/2)">
                  <conditions>
                    <condition number="34" type="jump" coverage="0%" />
                  </conditions>
                </line>
                <line number="23" hits="0" branch="False" />
                <line number="24" hits="0" branch="False" />
                <line number="27" hits="0" branch="False" />
                <line number="29" hits="0" branch="True" condition-coverage="0% (0/2)">
                  <conditions>
                    <condition number="105" type="jump" coverage="0%" />
                  </conditions>
                </line>
                <line number="30" hits="0" branch="False" />
                <line number="31" hits="0" branch="False" />
                <line number="34" hits="0" branch="False" />
                <line number="35" hits="0" branch="True" condition-coverage="0% (0/2)">
                  <conditions>
                    <condition number="180" type="jump" coverage="0%" />
                  </conditions>
                </line>
                <line number="36" hits="0" branch="False" />
                <line number="37" hits="0" branch="False" />
                <line number="40" hits="0" branch="False" />
                <line number="41" hits="0" branch="False" />
                <line number="42" hits="0" branch="False" />
                <line number="43" hits="0" branch="False" />
                <line number="44" hits="0" branch="False" />
                <line number="46" hits="0" branch="False" />
                <line number="47" hits="0" branch="False" />
                <line number="48" hits="0" branch="False" />
                <line number="50" hits="0" branch="False" />
                <line number="51" hits="0" branch="False" />
              </lines>
            </method>
            <method name=".ctor" signature="(Microsoft.Extensions.Options.IOptionsMonitor`1&lt;Microsoft.AspNetCore.Authentication.AuthenticationSchemeOptions&gt;,Microsoft.Extensions.Logging.ILoggerFactory,System.Text.Encodings.Web.UrlEncoder)" line-rate="0" branch-rate="1" complexity="1">
              <lines>
                <line number="16" hits="0" branch="False" />
                <line number="17" hits="0" branch="False" />
                <line number="18" hits="0" branch="False" />
              </lines>
            </method>
          </methods>
          <lines>
            <line number="21" hits="0" branch="False" />
            <line number="22" hits="0" branch="True" condition-coverage="0% (0/2)">
              <conditions>
                <condition number="34" type="jump" coverage="0%" />
              </conditions>
            </line>
            <line number="23" hits="0" branch="False" />
            <line number="24" hits="0" branch="False" />
            <line number="27" hits="0" branch="False" />
            <line number="29" hits="0" branch="True" condition-coverage="0% (0/2)">
              <conditions>
                <condition number="105" type="jump" coverage="0%" />
              </conditions>
            </line>
            <line number="30" hits="0" branch="False" />
            <line number="31" hits="0" branch="False" />
            <line number="34" hits="0" branch="False" />
            <line number="35" hits="0" branch="True" condition-coverage="0% (0/2)">
              <conditions>
                <condition number="180" type="jump" coverage="0%" />
              </conditions>
            </line>
            <line number="36" hits="0" branch="False" />
            <line number="37" hits="0" branch="False" />
            <line number="40" hits="0" branch="False" />
            <line number="41" hits="0" branch="False" />
            <line number="42" hits="0" branch="False" />
            <line number="43" hits="0" branch="False" />
            <line number="44" hits="0" branch="False" />
            <line number="46" hits="0" branch="False" />
            <line number="47" hits="0" branch="False" />
            <line number="48" hits="0" branch="False" />
            <line number="50" hits="0" branch="False" />
            <line number="51" hits="0" branch="False" />
            <line number="16" hits="0" branch="False" />
            <line number="17" hits="0" branch="False" />
            <line number="18" hits="0" branch="False" />
          </lines>
        </class>
      </classes>
    </package>
  </packages>
</coverage>